<?xml version="1.0" encoding="UTF-8"?>
<testng-results skipped="0" failed="0" total="1" passed="1">
  <reporter-output>
  </reporter-output>
  <suite name="semantic.db.main.MigrateNGTest" duration-ms="628" started-at="2016-06-06T08:06:49Z" finished-at="2016-06-06T08:06:50Z">
    <groups>
    </groups>
    <test name="Command line test" duration-ms="628" started-at="2016-06-06T08:06:49Z" finished-at="2016-06-06T08:06:50Z">
      <class name="semantic.db.main.MigrateNGTest">
        <test-method status="PASS" signature="testMain()[pri:0, instance:semantic.db.main.MigrateNGTest@9d209a]" name="testMain" duration-ms="610" started-at="2016-06-06T10:06:49Z" finished-at="2016-06-06T10:06:50Z">
          <reporter-output>
          </reporter-output>
        </test-method> <!-- testMain -->
      </class> <!-- semantic.db.main.MigrateNGTest -->
    </test> <!-- Command line test -->
  </suite> <!-- semantic.db.main.MigrateNGTest -->
</testng-results>
